<?xml version="1.0" encoding="UTF-8"?>
<!-- Generated by org.testng.reporters.JUnitReportReporter -->
<testsuite skipped="0" hostname="ip-172-31-8-189" name="test.ListenerTest" tests="1" failures="0" timestamp="26 Feb 2021 05:24:39 GMT" time="0.012" errors="0">
  <testcase name="LoginTest" time="0.012" classname="test.ListenerTest"/>
</testsuite> <!-- test.ListenerTest -->
