<?xml version="1.0" encoding="UTF-8"?>
<!-- Generated by org.testng.reporters.JUnitReportReporter -->
<testsuite skipped="0" hostname="ip-172-31-8-189" name="Simplilearn.Maven.AppTest" tests="1" failures="0" timestamp="24 Feb 2021 06:04:25 GMT" time="0.007" errors="0">
  <testcase name="testApp" time="0.007" classname="Simplilearn.Maven.AppTest"/>
</testsuite> <!-- Simplilearn.Maven.AppTest -->
