<?xml version="1.0" encoding="UTF-8"?>
<!-- Generated by org.testng.reporters.JUnitReportReporter -->
<testsuite skipped="0" hostname="ip-172-31-8-189" name="test.Testcase1" tests="1" failures="0" timestamp="01 Mar 2021 04:40:10 GMT" time="5.340" errors="0">
  <testcase name="LoginTest" time="5.340" classname="test.Testcase1"/>
</testsuite> <!-- test.Testcase1 -->
